<?xml version="1.0" encoding="UTF-8"?>
<testng-results skipped="0" failed="0" ignored="0" total="1" passed="1">
  <reporter-output>
    <line>
      <![CDATA[<div style="display:block;margin-left:10px;"><div  class="pass"><span class="pass-label">P </span>Expected link text should be UpRaise : Actual link text is UpRaise <a href="../img/upraiselogin_1x13b1te4tivu12250.png" target="_blank">[View Screenshot]</a> </div></div>]]>
    </line>
  </reporter-output>
  <suite name="UpRaise" duration-ms="33216" started-at="2017-07-25T06:35:31Z" finished-at="2017-07-25T06:36:04Z">
    <groups>
      <group name="SMOKE">
        <method signature="UpcloudTest.upraiselogin(java.util.Map)[pri:0, instance:com.upraise.cloud.tests.UpcloudTest@169cf]" name="upraiselogin" class="com.upraise.cloud.tests.UpcloudTest"/>
      </group> <!-- SMOKE -->
    </groups>
    <test name="Cloud Test" duration-ms="33216" started-at="2017-07-25T06:35:31Z" finished-at="2017-07-25T06:36:04Z">
      <class name="com.upraise.cloud.tests.UpcloudTest">
        <test-method status="PASS" signature="setupSuit(org.testng.ITestContext)[pri:0, instance:com.upraise.cloud.tests.UpcloudTest@169cf]" name="setupSuit" is-config="true" duration-ms="109" started-at="2017-07-25T12:05:31Z" finished-at="2017-07-25T12:05:31Z">
          <params>
            <param index="0">
              <value>
                <![CDATA[org.testng.TestRunner@195092a]]>
              </value>
            </param>
          </params>
          <reporter-output>
          </reporter-output>
        </test-method> <!-- setupSuit -->
        <test-method status="PASS" signature="setupTest(org.testng.ITestContext)[pri:0, instance:com.upraise.cloud.tests.UpcloudTest@169cf]" name="setupTest" is-config="true" duration-ms="16" started-at="2017-07-25T12:05:31Z" finished-at="2017-07-25T12:05:31Z">
          <params>
            <param index="0">
              <value>
                <![CDATA[org.testng.TestRunner@195092a]]>
              </value>
            </param>
          </params>
          <reporter-output>
          </reporter-output>
        </test-method> <!-- setupTest -->
        <test-method status="PASS" signature="setup(org.testng.ITestContext)[pri:0, instance:com.upraise.cloud.tests.UpcloudTest@169cf]" name="setup" is-config="true" duration-ms="0" started-at="2017-07-25T12:05:31Z" finished-at="2017-07-25T12:05:31Z">
          <params>
            <param index="0">
              <value>
                <![CDATA[org.testng.TestRunner@195092a]]>
              </value>
            </param>
          </params>
          <reporter-output>
          </reporter-output>
        </test-method> <!-- setup -->
        <test-method status="PASS" signature="setupMethod(java.lang.reflect.Method, org.testng.ITestContext)[pri:0, instance:com.upraise.cloud.tests.UpcloudTest@169cf]" name="setupMethod" is-config="true" duration-ms="16" started-at="2017-07-25T12:05:31Z" finished-at="2017-07-25T12:05:31Z">
          <params>
            <param index="0">
              <value>
                <![CDATA[public void com.upraise.cloud.tests.UpcloudTest.upraiselogin(java.util.Map)]]>
              </value>
            </param>
            <param index="1">
              <value>
                <![CDATA[org.testng.TestRunner@195092a]]>
              </value>
            </param>
          </params>
          <reporter-output>
          </reporter-output>
        </test-method> <!-- setupMethod -->
        <test-method status="PASS" signature="upraiselogin(java.util.Map)[pri:0, instance:com.upraise.cloud.tests.UpcloudTest@169cf]" name="upraiselogin" duration-ms="30123" started-at="2017-07-25T12:05:31Z" description="Login test" finished-at="2017-07-25T12:06:01Z">
          <params>
            <param index="0">
              <value>
                <![CDATA[{password=amoeba@123, isValid=true, username=sourya@mailinator.com}]]>
              </value>
            </param>
          </params>
          <reporter-output>
            <line>
              <![CDATA[<div style="display:block;margin-left:10px;"><div  class="pass"><span class="pass-label">P </span>Expected link text should be UpRaise : Actual link text is UpRaise <a href="../img/upraiselogin_1x13b1te4tivu12250.png" target="_blank">[View Screenshot]</a> </div></div>]]>
            </line>
          </reporter-output>
        </test-method> <!-- upraiselogin -->
        <test-method status="PASS" signature="afterMethod(org.testng.ITestContext, org.testng.ITestResult)[pri:0, instance:com.upraise.cloud.tests.UpcloudTest@169cf]" name="afterMethod" is-config="true" duration-ms="2" started-at="2017-07-25T12:06:02Z" finished-at="2017-07-25T12:06:02Z">
          <params>
            <param index="0">
              <value>
                <![CDATA[org.testng.TestRunner@195092a]]>
              </value>
            </param>
            <param index="1">
              <value>
                <![CDATA[[TestResult name=upraiselogin status=SUCCESS method=UpcloudTest.upraiselogin(java.util.Map)[pri:0, instance:com.upraise.cloud.tests.UpcloudTest@169cf] output=<div style="display:block;margin-left:10px;"><div  class="pass"><span class="pass-label">P </span>Expected link text should be UpRaise : Actual link text is UpRaise <a href="../img/upraiselogin_1x13b1te4tivu12250.png" target="_blank">[View Screenshot]</a> </div></div>]]]>
              </value>
            </param>
          </params>
          <reporter-output>
          </reporter-output>
        </test-method> <!-- afterMethod -->
        <test-method status="PASS" signature="afterClass(org.testng.ITestContext)[pri:0, instance:com.upraise.cloud.tests.UpcloudTest@169cf]" name="afterClass" is-config="true" duration-ms="1" started-at="2017-07-25T12:06:02Z" finished-at="2017-07-25T12:06:02Z">
          <params>
            <param index="0">
              <value>
                <![CDATA[org.testng.TestRunner@195092a]]>
              </value>
            </param>
          </params>
          <reporter-output>
          </reporter-output>
        </test-method> <!-- afterClass -->
        <test-method status="PASS" signature="afterTest(org.testng.ITestContext)[pri:0, instance:com.upraise.cloud.tests.UpcloudTest@169cf]" name="afterTest" is-config="true" duration-ms="2879" started-at="2017-07-25T12:06:02Z" finished-at="2017-07-25T12:06:04Z">
          <params>
            <param index="0">
              <value>
                <![CDATA[org.testng.TestRunner@195092a]]>
              </value>
            </param>
          </params>
          <reporter-output>
          </reporter-output>
        </test-method> <!-- afterTest -->
        <test-method status="PASS" signature="afterSuit(org.testng.ITestContext)[pri:0, instance:com.upraise.cloud.tests.UpcloudTest@169cf]" name="afterSuit" is-config="true" duration-ms="2" started-at="2017-07-25T12:06:05Z" finished-at="2017-07-25T12:06:05Z">
          <params>
            <param index="0">
              <value>
                <![CDATA[org.testng.TestRunner@195092a]]>
              </value>
            </param>
          </params>
          <reporter-output>
          </reporter-output>
        </test-method> <!-- afterSuit -->
      </class> <!-- com.upraise.cloud.tests.UpcloudTest -->
    </test> <!-- Cloud Test -->
  </suite> <!-- UpRaise -->
</testng-results>
