<?xml version="1.0" encoding="UTF-8" ?>
<testsuite tests="3" failures="1" name="TestSuite" time="102.058" errors="0" skipped="0">
  <properties>
[...]
</properties>
  <testcase classname="com.upraise.server.test.UpServerTest" name="upraiselogin" time="55.439"/>
  <testcase classname="com.upraise.server.test.UpServerTest" name="AddIobjective" time="16.701"/>
  <testcase classname="com.upraise.server.test.UpServerTest" name="AddTobjective" time="21.743">
    <failure message="element not visible
  (Session info: chrome=59.0.3071.115)
  (Driver info: chromedriver=2.30.477700 (0057494ad8732195794a7b32078424f92a5fce41),platform=Windows NT 10.0.15063 x86_64) (WARNING: The server did not provide any stacktrace information)
Command duration or timeout: 10.21 seconds
Build info: version: &apos;2.53.0&apos;, revision: &apos;35ae25b1534ae328c771e0856c93e187490ca824&apos;, time: &apos;2016-03-15 10:43:46&apos;
System info: host: &apos;Sourya&apos;, ip: &apos;192.168.1.113&apos;, os.name: &apos;Windows 10&apos;, os.arch: &apos;x86&apos;, os.version: &apos;10.0&apos;, java.version: &apos;1.8.0_60&apos;
Driver info: com.qmetry.qaf.automation.ui.webdriver.QAFExtendedWebDriver
Capabilities [{applicationCacheEnabled=false, rotatable=false, mobileEmulationEnabled=false, networkConnectionEnabled=false, chrome={chromedriverVersion=2.30.477700 (0057494ad8732195794a7b32078424f92a5fce41), userDataDir=C:\Users\Sourya\AppData\Local\Temp\scoped_dir2156_10859}, takesHeapSnapshot=true, pageLoadStrategy=normal, databaseEnabled=false, handlesAlerts=true, hasTouchScreen=false, version=59.0.3071.115, platform=XP, browserConnectionEnabled=false, nativeEvents=true, acceptSslCerts=true, locationContextEnabled=true, webStorageEnabled=true, browserName=chrome, takesScreenshot=true, javascriptEnabled=true, cssSelectorsEnabled=true, unexpectedAlertBehaviour=}]
Session ID: 18dd2cdc050d6da2e5d243902771f493" type="org.openqa.selenium.ElementNotVisibleException">org.openqa.selenium.ElementNotVisibleException: element not visible
  (Session info: chrome=59.0.3071.115)
  (Driver info: chromedriver=2.30.477700 (0057494ad8732195794a7b32078424f92a5fce41),platform=Windows NT 10.0.15063 x86_64) (WARNING: The server did not provide any stacktrace information)
Command duration or timeout: 10.21 seconds
Build info: version: &apos;2.53.0&apos;, revision: &apos;35ae25b1534ae328c771e0856c93e187490ca824&apos;, time: &apos;2016-03-15 10:43:46&apos;
System info: host: &apos;Sourya&apos;, ip: &apos;192.168.1.113&apos;, os.name: &apos;Windows 10&apos;, os.arch: &apos;x86&apos;, os.version: &apos;10.0&apos;, java.version: &apos;1.8.0_60&apos;
Driver info: com.qmetry.qaf.automation.ui.webdriver.QAFExtendedWebDriver
Capabilities [{applicationCacheEnabled=false, rotatable=false, mobileEmulationEnabled=false, networkConnectionEnabled=false, chrome={chromedriverVersion=2.30.477700 (0057494ad8732195794a7b32078424f92a5fce41), userDataDir=C:\Users\Sourya\AppData\Local\Temp\scoped_dir2156_10859}, takesHeapSnapshot=true, pageLoadStrategy=normal, databaseEnabled=false, handlesAlerts=true, hasTouchScreen=false, version=59.0.3071.115, platform=XP, browserConnectionEnabled=false, nativeEvents=true, acceptSslCerts=true, locationContextEnabled=true, webStorageEnabled=true, browserName=chrome, takesScreenshot=true, javascriptEnabled=true, cssSelectorsEnabled=true, unexpectedAlertBehaviour=}]
Session ID: 18dd2cdc050d6da2e5d243902771f493
	at sun.reflect.NativeConstructorAccessorImpl.newInstance0(Native Method)
	at sun.reflect.NativeConstructorAccessorImpl.newInstance(NativeConstructorAccessorImpl.java:62)
	at sun.reflect.DelegatingConstructorAccessorImpl.newInstance(DelegatingConstructorAccessorImpl.java:45)
	at java.lang.reflect.Constructor.newInstance(Constructor.java:422)
	at org.openqa.selenium.remote.ErrorHandler.createThrowable(ErrorHandler.java:206)
	at org.openqa.selenium.remote.ErrorHandler.throwIfResponseFailed(ErrorHandler.java:158)
	at org.openqa.selenium.remote.RemoteWebDriver.execute(RemoteWebDriver.java:678)
	at com.qmetry.qaf.automation.ui.webdriver.QAFExtendedWebDriver.executeWitoutLog(QAFExtendedWebDriver.java:256)
	at com.qmetry.qaf.automation.ui.webdriver.QAFExtendedWebElement.execute(QAFExtendedWebElement.java:252)
	at org.openqa.selenium.remote.RemoteWebElement.sendKeys(RemoteWebElement.java:122)
	at com.qmetry.qaf.automation.step.CommonStep.sendKeys(CommonStep.java:128)
	at com.upraise.server.steps.StepsLibrary.addteamobjective_aroundBody4(StepsLibrary.java:44)
	at com.upraise.server.steps.StepsLibrary$AjcClosure5.run(StepsLibrary.java:1)
	at org.aspectj.runtime.reflect.JoinPointImpl.proceed(JoinPointImpl.java:149)
	at com.qmetry.qaf.automation.step.JavaStepReporter$MockJavaStep.doExecute(JavaStepReporter.java:138)
	at com.qmetry.qaf.automation.step.BaseTestStep.execute(BaseTestStep.java:149)
	at com.qmetry.qaf.automation.step.JavaStepReporter.javaTestStep(JavaStepReporter.java:88)
	at com.upraise.server.steps.StepsLibrary.addteamobjective(StepsLibrary.java:39)
	at com.upraise.server.test.UpServerTest.AddTobjective(UpServerTest.java:42)
</failure>
    <system-out>[WebDriverCommandLogger] - Executing findElement parameters: {&quot;using&quot;:&quot;id&quot;,&quot;value&quot;:&quot;upraise_menu&quot;}
[WebDriverCommandLogger] - command: findElement[ param-1: {value=upraise_menu, using=id}] Result: id: 0.7234804769040784-9
[WebDriverCommandLogger] - Executing clickElement element: By.id: upraise_menu parameters: {&quot;id&quot;:&quot;0.7234804769040784-9&quot;}
[WebDriverCommandLogger] - command: clickElement[ param-1: By.id: upraise_menu param-2: {&quot;id&quot;:&quot;0.7234804769040784-9&quot;}] Result: clickElement:null
[WebDriverCommandLogger] - Executing findElement parameters: {&quot;using&quot;:&quot;xpath&quot;,&quot;value&quot;:&quot;.//*[@id=&apos;upraise_team_objectives_lnk&apos;]&quot;}
[WebDriverCommandLogger] - command: findElement[ param-1: {value=.//*[@id=&apos;upraise_team_objectives_lnk&apos;], using=xpath}] Result: id: 0.7234804769040784-10
[WebDriverCommandLogger] - Executing clickElement element: By.xpath: .//*[@id=&apos;upraise_team_objectives_lnk&apos;] parameters: {&quot;id&quot;:&quot;0.7234804769040784-10&quot;}
[WebDriverCommandLogger] - command: clickElement[ param-1: By.xpath: .//*[@id=&apos;upraise_team_objectives_lnk&apos;] param-2: {&quot;id&quot;:&quot;0.7234804769040784-10&quot;}] Result: clickElement:null
[WebDriverCommandLogger] - Executing findElement parameters: {&quot;using&quot;:&quot;xpath&quot;,&quot;value&quot;:&quot;.//*[@id=&apos;tabs-team&apos;]/div/div/div/div[1]/div/div[2]/div[2]/button&quot;}
[WebDriverCommandLogger] - command: findElement[ param-1: {value=.//*[@id=&apos;tabs-team&apos;]/div/div/div/div[1]/div/div[2]/div[2]/button, using=xpath}] Result: id: 0.2157769925870492-1
[WebDriverCommandLogger] - Executing clickElement element: By.xpath: .//*[@id=&apos;tabs-team&apos;]/div/div/div/div[1]/div/div[2]/div[2]/button parameters: {&quot;id&quot;:&quot;0.2157769925870492-1&quot;}
[WebDriverCommandLogger] - command: clickElement[ param-1: By.xpath: .//*[@id=&apos;tabs-team&apos;]/div/div/div/div[1]/div/div[2]/div[2]/button param-2: {&quot;id&quot;:&quot;0.2157769925870492-1&quot;}] Result: clickElement:null
[WebDriverCommandLogger] - Executing findElement parameters: {&quot;using&quot;:&quot;xpath&quot;,&quot;value&quot;:&quot;.//*[@id=&apos;s2id_team&apos;]/a/span[2]&quot;}
[WebDriverCommandLogger] - command: findElement[ param-1: {value=.//*[@id=&apos;s2id_team&apos;]/a/span[2], using=xpath}] Result: id: 0.2157769925870492-2
[WebDriverCommandLogger] - Executing clickElement element: By.xpath: .//*[@id=&apos;s2id_team&apos;]/a/span[2] parameters: {&quot;id&quot;:&quot;0.2157769925870492-2&quot;}
[WebDriverCommandLogger] - command: clickElement[ param-1: By.xpath: .//*[@id=&apos;s2id_team&apos;]/a/span[2] param-2: {&quot;id&quot;:&quot;0.2157769925870492-2&quot;}] Result: clickElement:null
[WebDriverCommandLogger] - Executing findElement parameters: {&quot;using&quot;:&quot;xpath&quot;,&quot;value&quot;:&quot;.//*[@id=&apos;select2-drop&apos;]/ul/li/div/span&quot;}
[WebDriverCommandLogger] - command: findElement[ param-1: {value=.//*[@id=&apos;select2-drop&apos;]/ul/li/div/span, using=xpath}] Result: id: 0.2157769925870492-3
[WebDriverCommandLogger] - Executing sendKeysToElement element: By.xpath: .//*[@id=&apos;select2-drop&apos;]/ul/li/div/span parameters: {&quot;id&quot;:&quot;0.2157769925870492-3&quot;,&quot;value&quot;:[&quot;Automation&quot;]}
[WebDriverCommandLogger] - command: sendKeysToElement[ param-1: By.xpath: .//*[@id=&apos;select2-drop&apos;]/ul/li/div/span param-2: {&quot;id&quot;:&quot;0.2157769925870492-3&quot;,&quot;value&quot;:[&quot;Automation&quot;]}] Result: element not visible
  (Session info: chrome=59.0.3071.115)
  (Driver info: chromedriver=2.30.477700 (0057494ad8732195794a7b32078424f92a5fce41),platform=Windows NT 10.0.15063 x86_64) (WARNING: The server did not provide any stacktrace information)
Command duration or timeout: 10.21 seconds
Build info: version: &apos;2.53.0&apos;, revision: &apos;35ae25b1534ae328c771e0856c93e187490ca824&apos;, time: &apos;2016-03-15 10:43:46&apos;
System info: host: &apos;Sourya&apos;, ip: &apos;192.168.1.113&apos;, os.name: &apos;Windows 10&apos;, os.arch: &apos;x86&apos;, os.version: &apos;10.0&apos;, java.version: &apos;1.8.0_60&apos;
Driver info: com.qmetry.qaf.automation.ui.webdriver.QAFExtendedWebDriver
Capabilities [{applicationCacheEnabled=false, rotatable=false, mobileEmulationEnabled=false, networkConnectionEnabled=false, chrome={chromedriverVersion=2.30.477700 (0057494ad8732195794a7b32078424f92a5fce41), userDataDir=C:\Users\Sourya\AppData\Local\Temp\scoped_dir2156_10859}, takesHeapSnapshot=true, pageLoadStrategy=normal, databaseEnabled=false, handlesAlerts=true, hasTouchScreen=false, version=59.0.3071.115, platform=XP, browserConnectionEnabled=false, nativeEvents=true, acceptSslCerts=true, locationContextEnabled=true, webStorageEnabled=true, browserName=chrome, takesScreenshot=true, javascriptEnabled=true, cssSelectorsEnabled=true, unexpectedAlertBehaviour=}]
Session ID: 18dd2cdc050d6da2e5d243902771f493
[WebDriverCommandLogger] - Executing screenshot parameters: {}
[QAFTestBase] - Capturing screen shotAddTobjective_1rer74zfiuscq46123.png
</system-out>
  </testcase>
</testsuite>