<?xml version="1.0" encoding="UTF-8" ?>
<testsuite tests="1" failures="1" name="TestSuite" time="45.393" errors="0" skipped="0">
  <properties>
[...]
</properties>
  <testcase classname="com.upraise.cloud.tests.UpcloudTest" name="upraiselogin" time="38.072">
    <failure/>
    <system-out>[ConfigurationManager] - ISFW build info: {qaf-Type=core, qaf-Revision=10, qaf-Version=2.1, qaf-Build-Time=03-Jan-2017 14:01:00}
[ConfigurationManager] - Resource dir: C:\Repositories\UpraiseAuto\resources. Found property files to load: 7
[ConfigurationManager] - Resource dir: C:\Repositories\UpraiseAuto\resources. Found property files to load: 0
[CSVUtil] - loading csv data file: resources/env2/logindata.txt
[QAFTestBase] - Initializing Driver...browser_str:chromeDriver,base_url:https://upraise-cloud.atlassian.net/,sel_server:localhost,port:4444
[UiDriverFactory] - Driver: chromeDriver
driver init done
[WebDriverCommandLogger] - Executing maximizeWindow parameters: {&quot;windowHandle&quot;:&quot;current&quot;}
[WebDriverCommandLogger] - command: maximizeWindow[ param-1: {windowHandle=current}] Result: null
[WebDriverCommandLogger] - Executing get parameters: {&quot;url&quot;:&quot;https://upraise-cloud.atlassian.net/&quot;}
[WebDriverCommandLogger] - command: get[ param-1: {url=https://upraise-cloud.atlassian.net/}] Result: null
[WebDriverCommandLogger] - Executing findElement parameters: {&quot;using&quot;:&quot;name&quot;,&quot;value&quot;:&quot;username&quot;}
[WebDriverCommandLogger] - command: findElement[ param-1: {value=username, using=name}] Result: id: 0.9712878123757049-1
[WebDriverCommandLogger] - Executing sendKeysToElement element: By.name: username parameters: {&quot;id&quot;:&quot;0.9712878123757049-1&quot;,&quot;value&quot;:[&quot;sourya@mailinator.com&quot;]}
[WebDriverCommandLogger] - command: sendKeysToElement[ param-1: By.name: username param-2: {&quot;id&quot;:&quot;0.9712878123757049-1&quot;,&quot;value&quot;:[&quot;sourya@mailinator.com&quot;]}] Result: sendKeysToElement:null
[WebDriverCommandLogger] - Executing findElement parameters: {&quot;using&quot;:&quot;xpath&quot;,&quot;value&quot;:&quot;.//*[@id=&apos;login-submit&apos;]&quot;}
[WebDriverCommandLogger] - command: findElement[ param-1: {value=.//*[@id=&apos;login-submit&apos;], using=xpath}] Result: id: 0.9712878123757049-2
[WebDriverCommandLogger] - Executing clickElement element: By.xpath: .//*[@id=&apos;login-submit&apos;] parameters: {&quot;id&quot;:&quot;0.9712878123757049-2&quot;}
[WebDriverCommandLogger] - command: clickElement[ param-1: By.xpath: .//*[@id=&apos;login-submit&apos;] param-2: {&quot;id&quot;:&quot;0.9712878123757049-2&quot;}] Result: clickElement:null
[WebDriverCommandLogger] - Executing setTimeout parameters: {&quot;ms&quot;:5000,&quot;type&quot;:&quot;implicit&quot;}
[WebDriverCommandLogger] - command: setTimeout[ param-1: {type=implicit, ms=5000}] Result: null
[WebDriverCommandLogger] - Executing findElement parameters: {&quot;using&quot;:&quot;name&quot;,&quot;value&quot;:&quot;password&quot;}
[WebDriverCommandLogger] - command: findElement[ param-1: {value=password, using=name}] Result: id: 0.9712878123757049-3
[WebDriverCommandLogger] - Executing sendKeysToElement element: By.name: password parameters: {&quot;id&quot;:&quot;0.9712878123757049-3&quot;,&quot;value&quot;:[&quot;amoeba@123&quot;]}
[WebDriverCommandLogger] - command: sendKeysToElement[ param-1: By.name: password param-2: {&quot;id&quot;:&quot;0.9712878123757049-3&quot;,&quot;value&quot;:[&quot;amoeba@123&quot;]}] Result: sendKeysToElement:null
[WebDriverCommandLogger] - Executing findElement parameters: {&quot;using&quot;:&quot;xpath&quot;,&quot;value&quot;:&quot;.//*[@id=&apos;login-submit&apos;]&quot;}
[WebDriverCommandLogger] - command: findElement[ param-1: {value=.//*[@id=&apos;login-submit&apos;], using=xpath}] Result: id: 0.9712878123757049-2
[WebDriverCommandLogger] - Executing clickElement element: By.xpath: .//*[@id=&apos;login-submit&apos;] parameters: {&quot;id&quot;:&quot;0.9712878123757049-2&quot;}
[WebDriverCommandLogger] - command: clickElement[ param-1: By.xpath: .//*[@id=&apos;login-submit&apos;] param-2: {&quot;id&quot;:&quot;0.9712878123757049-2&quot;}] Result: clickElement:null
[WebDriverCommandLogger] - Executing findElements parameters: {&quot;using&quot;:&quot;id&quot;,&quot;value&quot;:&quot;amoeboids-upraise-qa__upraise-menu&quot;}
[WebDriverCommandLogger] - command: findElements[ param-1: {value=amoeboids-upraise-qa__upraise-menu, using=id}] Result: []
[WebDriverCommandLogger] - Executing findElements parameters: {&quot;using&quot;:&quot;id&quot;,&quot;value&quot;:&quot;amoeboids-upraise-qa__upraise-menu&quot;}
[WebDriverCommandLogger] - command: findElements[ param-1: {value=amoeboids-upraise-qa__upraise-menu, using=id}] Result: []
[WebDriverCommandLogger] - Executing screenshot parameters: {}
[QAFTestBase] - Capturing screen shotupraiselogin_1hj8gwcojnls850372.png
</system-out>
    <system-err>log4j:WARN No such property [follow] in org.apache.log4j.FileAppender.
Starting ChromeDriver 2.30.477700 (0057494ad8732195794a7b32078424f92a5fce41) on port 39594
Only local connections are allowed.
</system-err>
  </testcase>
</testsuite>