-------------------------------------------------------------------------------
Test set: TestSuite
-------------------------------------------------------------------------------
Tests run: 1, Failures: 1, Errors: 0, Skipped: 0, Time elapsed: 45.38 sec <<< FAILURE!
upraiselogin(com.upraise.cloud.tests.UpcloudTest)  Time elapsed: 38.072 sec  <<< FAILURE!
null