<?xml version="1.0" encoding="UTF-8"?>
<testng-results skipped="0" failed="0" total="1" passed="1">
  <reporter-output>
    <line>
      <![CDATA[<div style="display:block;margin-left:10px;"></div>]]>
    </line>
    <line>
      <![CDATA[<div style="display:block;margin-left:10px;"></div>]]>
    </line>
    <line>
      <![CDATA[<div style="display:block;margin-left:10px;"></div>]]>
    </line>
    <line>
      <![CDATA[<div style="display:block;margin-left:10px;"></div>]]>
    </line>
    <line>
      <![CDATA[<div style="display:block;margin-left:10px;"><div  class="teststeppass"><span class="teststeppass-label">T </span>search for 'qaf github infostretch'</div><div  class="pass"><span class="pass-label">P </span>Expected By.partialLinkText: qaf present : Actual By.partialLinkText: qaf present <a href="../img/testGoogleSearch_1etae4dehouzq30699.png" target="_blank">[View Screenshot]</a> </div></div>]]>
    </line>
    <line>
      <![CDATA[<div style="display:block;margin-left:10px;"></div>]]>
    </line>
    <line>
      <![CDATA[<div style="display:block;margin-left:10px;"></div>]]>
    </line>
    <line>
      <![CDATA[<div style="display:block;margin-left:10px;"></div>]]>
    </line>
    <line>
      <![CDATA[<div style="display:block;margin-left:10px;"></div>]]>
    </line>
  </reporter-output>
  <suite name="UpRaise" duration-ms="15990" started-at="2017-07-18T13:10:13Z" finished-at="2017-07-18T13:10:29Z">
    <groups>
    </groups>
    <test name="java Test" duration-ms="15990" started-at="2017-07-18T13:10:13Z" finished-at="2017-07-18T13:10:29Z">
      <class name="com.qmetry.qaf.example.test.SampleTest">
        <test-method status="PASS" signature="setupSuit(org.testng.ITestContext)[pri:0, instance:com.qmetry.qaf.example.test.SampleTest@1820e51]" name="setupSuit" is-config="true" duration-ms="142" started-at="2017-07-18T18:40:13Z" finished-at="2017-07-18T18:40:13Z">
          <params>
            <param index="0">
              <value>
                <![CDATA[org.testng.TestRunner@8e4bb0]]>
              </value>
            </param>
          </params>
          <reporter-output>
            <line>
              <![CDATA[<div style="display:block;margin-left:10px;"></div>]]>
            </line>
          </reporter-output>
        </test-method> <!-- setupSuit -->
        <test-method status="PASS" signature="setupTest(org.testng.ITestContext)[pri:0, instance:com.qmetry.qaf.example.test.SampleTest@1820e51]" name="setupTest" is-config="true" duration-ms="2" started-at="2017-07-18T18:40:13Z" finished-at="2017-07-18T18:40:13Z">
          <params>
            <param index="0">
              <value>
                <![CDATA[org.testng.TestRunner@8e4bb0]]>
              </value>
            </param>
          </params>
          <reporter-output>
            <line>
              <![CDATA[<div style="display:block;margin-left:10px;"></div>]]>
            </line>
          </reporter-output>
        </test-method> <!-- setupTest -->
        <test-method status="PASS" signature="setup(org.testng.ITestContext)[pri:0, instance:com.qmetry.qaf.example.test.SampleTest@1820e51]" name="setup" is-config="true" duration-ms="2" started-at="2017-07-18T18:40:13Z" finished-at="2017-07-18T18:40:13Z">
          <params>
            <param index="0">
              <value>
                <![CDATA[org.testng.TestRunner@8e4bb0]]>
              </value>
            </param>
          </params>
          <reporter-output>
            <line>
              <![CDATA[<div style="display:block;margin-left:10px;"></div>]]>
            </line>
          </reporter-output>
        </test-method> <!-- setup -->
        <test-method status="PASS" signature="setupMethod(java.lang.reflect.Method, org.testng.ITestContext)[pri:0, instance:com.qmetry.qaf.example.test.SampleTest@1820e51]" name="setupMethod" is-config="true" duration-ms="2" started-at="2017-07-18T18:40:13Z" finished-at="2017-07-18T18:40:13Z">
          <params>
            <param index="0">
              <value>
                <![CDATA[public void com.qmetry.qaf.example.test.SampleTest.testGoogleSearch()]]>
              </value>
            </param>
            <param index="1">
              <value>
                <![CDATA[org.testng.TestRunner@8e4bb0]]>
              </value>
            </param>
          </params>
          <reporter-output>
            <line>
              <![CDATA[<div style="display:block;margin-left:10px;"></div>]]>
            </line>
          </reporter-output>
        </test-method> <!-- setupMethod -->
        <test-method status="PASS" signature="testGoogleSearch()[pri:0, instance:com.qmetry.qaf.example.test.SampleTest@1820e51]" name="testGoogleSearch" duration-ms="12628" started-at="2017-07-18T18:40:14Z" finished-at="2017-07-18T18:40:26Z">
          <reporter-output>
            <line>
              <![CDATA[<div style="display:block;margin-left:10px;"><div  class="teststeppass"><span class="teststeppass-label">T </span>search for 'qaf github infostretch'</div><div  class="pass"><span class="pass-label">P </span>Expected By.partialLinkText: qaf present : Actual By.partialLinkText: qaf present <a href="../img/testGoogleSearch_1etae4dehouzq30699.png" target="_blank">[View Screenshot]</a> </div></div>]]>
            </line>
          </reporter-output>
        </test-method> <!-- testGoogleSearch -->
        <test-method status="PASS" signature="afterMethod(org.testng.ITestContext, org.testng.ITestResult)[pri:0, instance:com.qmetry.qaf.example.test.SampleTest@1820e51]" name="afterMethod" is-config="true" duration-ms="1" started-at="2017-07-18T18:40:26Z" finished-at="2017-07-18T18:40:26Z">
          <params>
            <param index="0">
              <value>
                <![CDATA[org.testng.TestRunner@8e4bb0]]>
              </value>
            </param>
            <param index="1">
              <value>
                <![CDATA[[TestResult name=testGoogleSearch status=SUCCESS method=SampleTest.testGoogleSearch()[pri:0, instance:com.qmetry.qaf.example.test.SampleTest@1820e51] output=<div style="display:block;margin-left:10px;"><div  class="teststeppass"><span class="teststeppass-label">T </span>search for 'qaf github infostretch'</div><div  class="pass"><span class="pass-label">P </span>Expected By.partialLinkText: qaf present : Actual By.partialLinkText: qaf present <a href="../img/testGoogleSearch_1etae4dehouzq30699.png" target="_blank">[View Screenshot]</a> </div></div>]]]>
              </value>
            </param>
          </params>
          <reporter-output>
            <line>
              <![CDATA[<div style="display:block;margin-left:10px;"></div>]]>
            </line>
          </reporter-output>
        </test-method> <!-- afterMethod -->
        <test-method status="PASS" signature="afterClass(org.testng.ITestContext)[pri:0, instance:com.qmetry.qaf.example.test.SampleTest@1820e51]" name="afterClass" is-config="true" duration-ms="1" started-at="2017-07-18T18:40:26Z" finished-at="2017-07-18T18:40:26Z">
          <params>
            <param index="0">
              <value>
                <![CDATA[org.testng.TestRunner@8e4bb0]]>
              </value>
            </param>
          </params>
          <reporter-output>
            <line>
              <![CDATA[<div style="display:block;margin-left:10px;"></div>]]>
            </line>
          </reporter-output>
        </test-method> <!-- afterClass -->
        <test-method status="PASS" signature="afterTest(org.testng.ITestContext)[pri:0, instance:com.qmetry.qaf.example.test.SampleTest@1820e51]" name="afterTest" is-config="true" duration-ms="2714" started-at="2017-07-18T18:40:27Z" finished-at="2017-07-18T18:40:29Z">
          <params>
            <param index="0">
              <value>
                <![CDATA[org.testng.TestRunner@8e4bb0]]>
              </value>
            </param>
          </params>
          <reporter-output>
            <line>
              <![CDATA[<div style="display:block;margin-left:10px;"></div>]]>
            </line>
          </reporter-output>
        </test-method> <!-- afterTest -->
        <test-method status="PASS" signature="afterSuit(org.testng.ITestContext)[pri:0, instance:com.qmetry.qaf.example.test.SampleTest@1820e51]" name="afterSuit" is-config="true" duration-ms="3" started-at="2017-07-18T18:40:29Z" finished-at="2017-07-18T18:40:29Z">
          <params>
            <param index="0">
              <value>
                <![CDATA[org.testng.TestRunner@8e4bb0]]>
              </value>
            </param>
          </params>
          <reporter-output>
            <line>
              <![CDATA[<div style="display:block;margin-left:10px;"></div>]]>
            </line>
          </reporter-output>
        </test-method> <!-- afterSuit -->
      </class> <!-- com.qmetry.qaf.example.test.SampleTest -->
    </test> <!-- java Test -->
  </suite> <!-- UpRaise -->
</testng-results>
